app/build/intermediates/manifest_merge_blame_file/debug/manifest-merger-blame-debug-report.txt
1<?xml version="1.0" encoding="utf-8"?>
2<manifest xmlns:android="http://schemas.android.com/apk/res/android"
3    package="com.khiladiadda.in"
4    android:versionCode="9"
5    android:versionName="2.2.8" >
6
7    <uses-sdk
8        android:minSdkVersion="21"
8-->src/main/AndroidManifest.xml
9        android:targetSdkVersion="32" />
9-->src/main/AndroidManifest.xml
10
11    <uses-permission android:name="android.permission.READ_EXTERNAL_STORAGE" />
11-->src/main/AndroidManifest.xml:6:5-80
11-->src/main/AndroidManifest.xml:6:22-77
12    <uses-permission android:name="android.permission.WRITE_EXTERNAL_STORAGE" />
12-->src/main/AndroidManifest.xml:7:5-81
12-->src/main/AndroidManifest.xml:7:22-78
13    <uses-permission android:name="android.permission.CAMERA" />
13-->src/main/AndroidManifest.xml:8:5-65
13-->src/main/AndroidManifest.xml:8:22-62
14    <uses-permission android:name="android.permission.INTERNET" />
14-->src/main/AndroidManifest.xml:9:5-67
14-->src/main/AndroidManifest.xml:9:22-64
15    <uses-permission android:name="android.permission.ACCESS_WIFI_STATE" />
15-->src/main/AndroidManifest.xml:10:5-76
15-->src/main/AndroidManifest.xml:10:22-73
16    <uses-permission android:name="android.permission.ACCESS_NETWORK_STATE" />
16-->src/main/AndroidManifest.xml:11:5-79
16-->src/main/AndroidManifest.xml:11:22-76
17    <uses-permission android:name="com.google.android.providers.gsf.permission.READ_GSERVICES" />
17-->src/main/AndroidManifest.xml:12:5-98
17-->src/main/AndroidManifest.xml:12:22-95
18    <uses-permission android:name="android.permission.ACCESS_COARSE_LOCATION" />
18-->src/main/AndroidManifest.xml:13:5-81
18-->src/main/AndroidManifest.xml:13:22-78
19    <uses-permission android:name="android.permission.ACCESS_FINE_LOCATION" />
19-->src/main/AndroidManifest.xml:14:5-79
19-->src/main/AndroidManifest.xml:14:22-76
20    <uses-permission android:name="android.permission.RECEIVE_BOOT_COMPLETED" />
20-->src/main/AndroidManifest.xml:15:5-81
20-->src/main/AndroidManifest.xml:15:22-78
21    <uses-permission android:name="android.permission.READ_PHONE_STATE" /> <!-- Receive notificaton when app is closed -->
21-->src/main/AndroidManifest.xml:16:5-75
21-->src/main/AndroidManifest.xml:16:22-72
22    <uses-permission android:name="com.google.android.c2dm.permission.RECEIVE" />
22-->src/main/AndroidManifest.xml:17:5-82
22-->src/main/AndroidManifest.xml:17:22-79
23    <uses-permission android:name="android.permission.WAKE_LOCK" />
23-->src/main/AndroidManifest.xml:18:5-68
23-->src/main/AndroidManifest.xml:18:22-65
24
25    <queries>
25-->src/main/AndroidManifest.xml:22:5-29:15
26        <package android:name="com.google.android.apps.nbu.paisa.user" />
26-->src/main/AndroidManifest.xml:23:9-74
26-->src/main/AndroidManifest.xml:23:18-71
27        <package android:name="net.one97.paytm" />
27-->src/main/AndroidManifest.xml:24:9-51
27-->src/main/AndroidManifest.xml:24:18-48
28        <package android:name="com.phonepe.app" />
28-->src/main/AndroidManifest.xml:25:9-51
28-->src/main/AndroidManifest.xml:25:18-48
29        <package android:name="in.org.npci.upiapp" />
29-->src/main/AndroidManifest.xml:26:9-54
29-->src/main/AndroidManifest.xml:26:18-51
30        <package android:name="in.amazon.mShop.android.shopping" />
30-->src/main/AndroidManifest.xml:27:9-68
30-->src/main/AndroidManifest.xml:27:18-65
31        <package android:name="com.whatsapp" />
31-->src/main/AndroidManifest.xml:28:9-48
31-->src/main/AndroidManifest.xml:28:18-45
32        <package android:name="androidx.test.orchestrator" />
32-->[androidx.test:runner:1.4.0] AndroidManifest.xml:25:9-62
32-->[androidx.test:runner:1.4.0] AndroidManifest.xml:25:18-59
33        <package android:name="androidx.test.services" />
33-->[androidx.test:runner:1.4.0] AndroidManifest.xml:26:9-58
33-->[androidx.test:runner:1.4.0] AndroidManifest.xml:26:18-55
34        <package android:name="com.google.android.apps.common.testing.services" />
34-->[androidx.test:runner:1.4.0] AndroidManifest.xml:27:9-83
34-->[androidx.test:runner:1.4.0] AndroidManifest.xml:27:18-80
35
36        <intent>
36-->[io.kommunicate.sdk:kommunicateui:2.4.6] AndroidManifest.xml:13:9-15:18
37            <action android:name="android.media.action.IMAGE_CAPTURE" />
37-->[io.kommunicate.sdk:kommunicateui:2.4.6] AndroidManifest.xml:14:13-73
37-->[io.kommunicate.sdk:kommunicateui:2.4.6] AndroidManifest.xml:14:21-70
38        </intent>
39        <intent>
39-->[io.kommunicate.sdk:kommunicateui:2.4.6] AndroidManifest.xml:18:9-20:18
40            <action android:name="android.speech.RecognitionService" />
40-->[io.kommunicate.sdk:kommunicateui:2.4.6] AndroidManifest.xml:19:13-72
40-->[io.kommunicate.sdk:kommunicateui:2.4.6] AndroidManifest.xml:19:21-69
41        </intent>
42    </queries>
43
44    <uses-permission android:name="android.permission.RECORD_AUDIO" /> <!-- Mandatory permissions -->
44-->[io.kommunicate.sdk:kommunicate:2.4.6] AndroidManifest.xml:23:5-25:30
44-->[io.kommunicate.sdk:kommunicate:2.4.6] AndroidManifest.xml:24:9-55
45    <uses-permission android:name="android.permission.VIBRATE" />
45-->[io.kommunicate.sdk:kommunicate:2.4.6] AndroidManifest.xml:28:5-30:30
45-->[io.kommunicate.sdk:kommunicate:2.4.6] AndroidManifest.xml:29:9-50
46    <uses-permission android:name="android.permission.POST_NOTIFICATIONS" />
46-->[com.google.firebase:firebase-messaging:23.1.0] AndroidManifest.xml:25:5-77
46-->[com.google.firebase:firebase-messaging:23.1.0] AndroidManifest.xml:25:22-74
47    <uses-permission android:name="com.google.android.finsky.permission.BIND_GET_INSTALL_REFERRER_SERVICE" />
47-->[com.android.installreferrer:installreferrer:2.2] AndroidManifest.xml:9:5-110
47-->[com.android.installreferrer:installreferrer:2.2] AndroidManifest.xml:9:22-107
48
49    <uses-feature
49-->[com.google.android.gms:play-services-maps:17.0.0] AndroidManifest.xml:26:5-28:35
50        android:glEsVersion="0x00020000"
50-->[com.google.android.gms:play-services-maps:17.0.0] AndroidManifest.xml:27:9-41
51        android:required="true" />
51-->[com.google.android.gms:play-services-maps:17.0.0] AndroidManifest.xml:28:9-32
52
53    <application
53-->src/main/AndroidManifest.xml:31:5-314:19
54        android:name="com.khiladiadda.in.KhiladiAddaApp"
54-->src/main/AndroidManifest.xml:32:9-39
55        android:allowBackup="true"
55-->src/main/AndroidManifest.xml:33:9-35
56        android:appComponentFactory="androidx.core.app.CoreComponentFactory"
56-->[androidx.core:core:1.5.0] AndroidManifest.xml:24:18-86
57        android:debuggable="true"
58        android:fullBackupContent="@xml/appsflyer_backup_rules"
58-->[com.appsflyer:af-android-sdk:6.9.0] AndroidManifest.xml:15:18-73
59        android:hardwareAccelerated="true"
59-->src/main/AndroidManifest.xml:34:9-43
60        android:icon="@drawable/fanbattle_logo"
60-->src/main/AndroidManifest.xml:35:9-48
61        android:label="@string/app_name"
61-->src/main/AndroidManifest.xml:36:9-41
62        android:roundIcon="@drawable/fanbattle_logo"
62-->src/main/AndroidManifest.xml:37:9-53
63        android:supportsRtl="true"
63-->src/main/AndroidManifest.xml:38:9-35
64        android:testOnly="true"
65        android:theme="@style/AppTheme" >
65-->src/main/AndroidManifest.xml:39:9-40
66        <activity
66-->src/main/AndroidManifest.xml:44:9-53:20
67            android:name="com.khiladiadda.in.splash.SplashActivity"
67-->src/main/AndroidManifest.xml:45:13-50
68            android:exported="true"
68-->src/main/AndroidManifest.xml:46:13-36
69            android:screenOrientation="portrait" >
69-->src/main/AndroidManifest.xml:47:13-49
70            <intent-filter>
70-->src/main/AndroidManifest.xml:48:13-52:29
71                <action android:name="android.intent.action.MAIN" />
71-->src/main/AndroidManifest.xml:49:17-69
71-->src/main/AndroidManifest.xml:49:25-66
72                <action android:name="android.intent.action.VIEW" />
72-->src/main/AndroidManifest.xml:50:17-69
72-->src/main/AndroidManifest.xml:50:25-66
73
74                <category android:name="android.intent.category.LAUNCHER" />
74-->src/main/AndroidManifest.xml:51:17-77
74-->src/main/AndroidManifest.xml:51:27-74
75            </intent-filter>
76        </activity>
77        <activity
77-->src/main/AndroidManifest.xml:55:9-61:57
78            android:name="com.khiladiadda.in.utility.FavouriteActivity"
78-->src/main/AndroidManifest.xml:56:13-54
79            android:configChanges="orientation"
79-->src/main/AndroidManifest.xml:57:13-48
80            android:excludeFromRecents="true"
80-->src/main/AndroidManifest.xml:59:13-46
81            android:screenOrientation="portrait"
81-->src/main/AndroidManifest.xml:60:13-49
82            android:theme="@style/Theme.UserDialog"
82-->src/main/AndroidManifest.xml:58:13-52
83            android:windowSoftInputMode="stateHidden" />
83-->src/main/AndroidManifest.xml:61:13-54
84        <activity
84-->src/main/AndroidManifest.xml:62:9-65:57
85            android:name="com.khiladiadda.in.wallet.WebPaymentActivity"
85-->src/main/AndroidManifest.xml:63:13-54
86            android:screenOrientation="portrait"
86-->src/main/AndroidManifest.xml:64:13-49
87            android:windowSoftInputMode="stateHidden" />
87-->src/main/AndroidManifest.xml:65:13-54
88        <activity
88-->src/main/AndroidManifest.xml:66:9-69:57
89            android:name="com.khiladiadda.in.scratchcard.ScratchCardActivity"
89-->src/main/AndroidManifest.xml:67:13-60
90            android:screenOrientation="portrait"
90-->src/main/AndroidManifest.xml:68:13-49
91            android:windowSoftInputMode="stateHidden" />
91-->src/main/AndroidManifest.xml:69:13-54
92        <activity
92-->src/main/AndroidManifest.xml:70:9-73:57
93            android:name="com.khiladiadda.in.registration.RegistrationActivity"
93-->src/main/AndroidManifest.xml:71:13-62
94            android:screenOrientation="portrait"
94-->src/main/AndroidManifest.xml:72:13-49
95            android:windowSoftInputMode="stateHidden" />
95-->src/main/AndroidManifest.xml:73:13-54
96        <activity
96-->src/main/AndroidManifest.xml:74:9-77:57
97            android:name="com.khiladiadda.in.main.MainActivity"
97-->src/main/AndroidManifest.xml:75:13-46
98            android:screenOrientation="portrait"
98-->src/main/AndroidManifest.xml:76:13-49
99            android:windowSoftInputMode="stateHidden" />
99-->src/main/AndroidManifest.xml:77:13-54
100        <activity
100-->src/main/AndroidManifest.xml:78:9-81:57
101            android:name="com.khiladiadda.in.login.LoginActivity"
101-->src/main/AndroidManifest.xml:79:13-48
102            android:screenOrientation="portrait"
102-->src/main/AndroidManifest.xml:80:13-49
103            android:windowSoftInputMode="stateHidden" />
103-->src/main/AndroidManifest.xml:81:13-54
104        <activity
104-->src/main/AndroidManifest.xml:82:9-85:57
105            android:name="com.khiladiadda.in.otp.OtpActivity"
105-->src/main/AndroidManifest.xml:83:13-44
106            android:screenOrientation="portrait"
106-->src/main/AndroidManifest.xml:84:13-49
107            android:windowSoftInputMode="stateHidden" />
107-->src/main/AndroidManifest.xml:85:13-54
108        <activity
108-->src/main/AndroidManifest.xml:86:9-89:57
109            android:name="com.khiladiadda.in.profile.ProfileActivity"
109-->src/main/AndroidManifest.xml:87:13-52
110            android:screenOrientation="portrait"
110-->src/main/AndroidManifest.xml:88:13-49
111            android:windowSoftInputMode="stateHidden" />
111-->src/main/AndroidManifest.xml:89:13-54
112        <activity
112-->src/main/AndroidManifest.xml:90:9-93:57
113            android:name="com.khiladiadda.in.terms.TermsActivity"
113-->src/main/AndroidManifest.xml:91:13-48
114            android:screenOrientation="portrait"
114-->src/main/AndroidManifest.xml:92:13-49
115            android:windowSoftInputMode="stateHidden" />
115-->src/main/AndroidManifest.xml:93:13-54
116        <activity
116-->src/main/AndroidManifest.xml:95:9-98:57
117            android:name="com.khiladiadda.in.profile.StatActivity"
117-->src/main/AndroidManifest.xml:96:13-49
118            android:screenOrientation="portrait"
118-->src/main/AndroidManifest.xml:97:13-49
119            android:windowSoftInputMode="stateHidden" />
119-->src/main/AndroidManifest.xml:98:13-54
120        <activity
120-->src/main/AndroidManifest.xml:99:9-102:57
121            android:name="com.khiladiadda.in.setting.SettingActivity"
121-->src/main/AndroidManifest.xml:100:13-52
122            android:screenOrientation="portrait"
122-->src/main/AndroidManifest.xml:101:13-49
123            android:windowSoftInputMode="stateHidden" />
123-->src/main/AndroidManifest.xml:102:13-54
124        <activity
124-->src/main/AndroidManifest.xml:103:9-106:57
125            android:name="com.khiladiadda.in.fcm.NotificationActivity"
125-->src/main/AndroidManifest.xml:104:13-53
126            android:screenOrientation="portrait"
126-->src/main/AndroidManifest.xml:105:13-49
127            android:windowSoftInputMode="stateHidden" />
127-->src/main/AndroidManifest.xml:106:13-54
128        <activity
128-->src/main/AndroidManifest.xml:107:9-110:57
129            android:name="com.khiladiadda.in.wallet.WalletActivity"
129-->src/main/AndroidManifest.xml:108:13-50
130            android:screenOrientation="portrait"
130-->src/main/AndroidManifest.xml:109:13-49
131            android:windowSoftInputMode="stateHidden" />
131-->src/main/AndroidManifest.xml:110:13-54
132        <activity
132-->src/main/AndroidManifest.xml:111:9-114:57
133            android:name="com.khiladiadda.in.leaderboard.NewLeaderboardActivity"
133-->src/main/AndroidManifest.xml:112:13-63
134            android:screenOrientation="portrait"
134-->src/main/AndroidManifest.xml:113:13-49
135            android:windowSoftInputMode="stateHidden" />
135-->src/main/AndroidManifest.xml:114:13-54
136        <activity
136-->src/main/AndroidManifest.xml:115:9-118:57
137            android:name="com.khiladiadda.in.referhistory.ReferActivity"
137-->src/main/AndroidManifest.xml:116:13-55
138            android:screenOrientation="portrait"
138-->src/main/AndroidManifest.xml:117:13-49
139            android:windowSoftInputMode="stateHidden" />
139-->src/main/AndroidManifest.xml:118:13-54
140        <activity
140-->src/main/AndroidManifest.xml:119:9-122:57
141            android:name="com.khiladiadda.in.referhistory.InviteActivity"
141-->src/main/AndroidManifest.xml:120:13-56
142            android:screenOrientation="portrait"
142-->src/main/AndroidManifest.xml:121:13-49
143            android:windowSoftInputMode="stateHidden" />
143-->src/main/AndroidManifest.xml:122:13-54
144        <activity
144-->src/main/AndroidManifest.xml:123:9-126:57
145            android:name="com.khiladiadda.in.transaction.TransactionActivity"
145-->src/main/AndroidManifest.xml:124:13-60
146            android:screenOrientation="portrait"
146-->src/main/AndroidManifest.xml:125:13-49
147            android:windowSoftInputMode="stateHidden" />
147-->src/main/AndroidManifest.xml:126:13-54
148        <activity
148-->src/main/AndroidManifest.xml:127:9-130:57
149            android:name="com.khiladiadda.in.withdrawcoins.WithdrawActivity"
149-->src/main/AndroidManifest.xml:128:13-59
150            android:screenOrientation="portrait"
150-->src/main/AndroidManifest.xml:129:13-49
151            android:windowSoftInputMode="stateHidden" />
151-->src/main/AndroidManifest.xml:130:13-54
152        <activity
152-->src/main/AndroidManifest.xml:131:9-135:57
153            android:name="com.khiladiadda.in.withdrawcoins.NewWithdrawActivity"
153-->src/main/AndroidManifest.xml:132:13-62
154            android:exported="false"
154-->src/main/AndroidManifest.xml:133:13-37
155            android:screenOrientation="portrait"
155-->src/main/AndroidManifest.xml:134:13-49
156            android:windowSoftInputMode="stateHidden" />
156-->src/main/AndroidManifest.xml:135:13-54
157        <activity
157-->src/main/AndroidManifest.xml:136:9-139:57
158            android:name="com.khiladiadda.in.profile.update.UpdateProfileActivity"
158-->src/main/AndroidManifest.xml:137:13-65
159            android:screenOrientation="portrait"
159-->src/main/AndroidManifest.xml:138:13-49
160            android:windowSoftInputMode="stateHidden" />
160-->src/main/AndroidManifest.xml:139:13-54
161        <activity
161-->src/main/AndroidManifest.xml:140:9-143:57
162            android:name="com.khiladiadda.in.profile.update.PanActivity"
162-->src/main/AndroidManifest.xml:141:13-55
163            android:screenOrientation="portrait"
163-->src/main/AndroidManifest.xml:142:13-49
164            android:windowSoftInputMode="stateHidden" />
164-->src/main/AndroidManifest.xml:143:13-54
165        <activity
165-->src/main/AndroidManifest.xml:144:9-147:57
166            android:name="com.khiladiadda.in.help.HelpActivity"
166-->src/main/AndroidManifest.xml:145:13-46
167            android:screenOrientation="portrait"
167-->src/main/AndroidManifest.xml:146:13-49
168            android:windowSoftInputMode="stateHidden" />
168-->src/main/AndroidManifest.xml:147:13-54
169        <activity
169-->src/main/AndroidManifest.xml:148:9-151:57
170            android:name="com.khiladiadda.in.wallet.AddWalletActivity"
170-->src/main/AndroidManifest.xml:149:13-53
171            android:screenOrientation="portrait"
171-->src/main/AndroidManifest.xml:150:13-49
172            android:windowSoftInputMode="stateHidden" />
172-->src/main/AndroidManifest.xml:151:13-54
173        <activity
173-->src/main/AndroidManifest.xml:152:9-155:57
174            android:name="com.khiladiadda.in.fcm.NotificationHelpActivity"
174-->src/main/AndroidManifest.xml:153:13-57
175            android:screenOrientation="portrait"
175-->src/main/AndroidManifest.xml:154:13-49
176            android:windowSoftInputMode="stateHidden" />
176-->src/main/AndroidManifest.xml:155:13-54
177        <activity
177-->src/main/AndroidManifest.xml:156:9-159:57
178            android:name="com.khiladiadda.in.socialverify.SocialVerifyActivity"
178-->src/main/AndroidManifest.xml:157:13-62
179            android:screenOrientation="portrait"
179-->src/main/AndroidManifest.xml:158:13-49
180            android:windowSoftInputMode="stateHidden" />
180-->src/main/AndroidManifest.xml:159:13-54
181        <activity android:name="com.khiladiadda.in.utility.ImageActivity" />
181-->src/main/AndroidManifest.xml:160:9-59
181-->src/main/AndroidManifest.xml:160:19-56
182        <activity
182-->src/main/AndroidManifest.xml:161:9-164:57
183            android:name="com.khiladiadda.in.help.HelpDetailsActivity"
183-->src/main/AndroidManifest.xml:162:13-53
184            android:screenOrientation="portrait"
184-->src/main/AndroidManifest.xml:163:13-49
185            android:windowSoftInputMode="stateHidden" />
185-->src/main/AndroidManifest.xml:164:13-54
186        <activity
186-->src/main/AndroidManifest.xml:165:9-168:57
187            android:name="com.khiladiadda.in.referhistory.ReferHelpActivity"
187-->src/main/AndroidManifest.xml:166:13-59
188            android:screenOrientation="portrait"
188-->src/main/AndroidManifest.xml:167:13-49
189            android:windowSoftInputMode="stateHidden" />
189-->src/main/AndroidManifest.xml:168:13-54
190        <activity
190-->src/main/AndroidManifest.xml:169:9-172:57
191            android:name="com.khiladiadda.in.withdrawcoins.ManualWithdrawActivity"
191-->src/main/AndroidManifest.xml:170:13-65
192            android:screenOrientation="portrait"
192-->src/main/AndroidManifest.xml:171:13-49
193            android:windowSoftInputMode="stateHidden" />
193-->src/main/AndroidManifest.xml:172:13-54
194        <activity
194-->src/main/AndroidManifest.xml:173:9-176:57
195            android:name="com.khiladiadda.in.fanbattle.FanBattleActivity"
195-->src/main/AndroidManifest.xml:174:13-56
196            android:screenOrientation="portrait"
196-->src/main/AndroidManifest.xml:175:13-49
197            android:windowSoftInputMode="stateHidden" />
197-->src/main/AndroidManifest.xml:176:13-54
198        <activity
198-->src/main/AndroidManifest.xml:177:9-180:57
199            android:name="com.khiladiadda.in.battle.BattleGroupActivity"
199-->src/main/AndroidManifest.xml:178:13-55
200            android:screenOrientation="portrait"
200-->src/main/AndroidManifest.xml:179:13-49
201            android:windowSoftInputMode="stateHidden" />
201-->src/main/AndroidManifest.xml:180:13-54
202        <activity
202-->src/main/AndroidManifest.xml:181:9-184:57
203            android:name="com.khiladiadda.in.battle.BattleActivity"
203-->src/main/AndroidManifest.xml:182:13-50
204            android:screenOrientation="portrait"
204-->src/main/AndroidManifest.xml:183:13-49
205            android:windowSoftInputMode="stateHidden" />
205-->src/main/AndroidManifest.xml:184:13-54
206        <activity
206-->src/main/AndroidManifest.xml:185:9-188:57
207            android:name="com.khiladiadda.in.fanleague.MyFanLeagueActivity"
207-->src/main/AndroidManifest.xml:186:13-58
208            android:screenOrientation="portrait"
208-->src/main/AndroidManifest.xml:187:13-49
209            android:windowSoftInputMode="stateHidden" />
209-->src/main/AndroidManifest.xml:188:13-54
210        <activity
210-->src/main/AndroidManifest.xml:189:9-192:57
211            android:name="com.khiladiadda.in.battle.PlayerPointsActivity"
211-->src/main/AndroidManifest.xml:190:13-56
212            android:screenOrientation="portrait"
212-->src/main/AndroidManifest.xml:191:13-49
213            android:windowSoftInputMode="stateHidden" />
213-->src/main/AndroidManifest.xml:192:13-54
214        <activity
214-->src/main/AndroidManifest.xml:193:9-196:57
215            android:name="com.khiladiadda.in.battle.BattlePointsActivity"
215-->src/main/AndroidManifest.xml:194:13-56
216            android:screenOrientation="portrait"
216-->src/main/AndroidManifest.xml:195:13-49
217            android:windowSoftInputMode="stateHidden" />
217-->src/main/AndroidManifest.xml:196:13-54
218        <activity
218-->src/main/AndroidManifest.xml:197:9-200:57
219            android:name="com.khiladiadda.in.battle.BattleHelpActivity"
219-->src/main/AndroidManifest.xml:198:13-54
220            android:screenOrientation="portrait"
220-->src/main/AndroidManifest.xml:199:13-49
221            android:windowSoftInputMode="stateHidden" />
221-->src/main/AndroidManifest.xml:200:13-54
222        <activity
222-->src/main/AndroidManifest.xml:201:9-204:57
223            android:name="com.khiladiadda.in.transaction.PaymentHistoryActivity"
223-->src/main/AndroidManifest.xml:202:13-63
224            android:screenOrientation="portrait"
224-->src/main/AndroidManifest.xml:203:13-49
225            android:windowSoftInputMode="stateHidden" />
225-->src/main/AndroidManifest.xml:204:13-54
226        <activity
226-->src/main/AndroidManifest.xml:205:9-208:57
227            android:name="com.khiladiadda.in.battle.SelectGroupActivity"
227-->src/main/AndroidManifest.xml:206:13-55
228            android:screenOrientation="portrait"
228-->src/main/AndroidManifest.xml:207:13-49
229            android:windowSoftInputMode="stateHidden" />
229-->src/main/AndroidManifest.xml:208:13-54
230        <activity
230-->src/main/AndroidManifest.xml:209:9-212:57
231            android:name="com.khiladiadda.in.utility.AllHelpActivity"
231-->src/main/AndroidManifest.xml:210:13-52
232            android:screenOrientation="portrait"
232-->src/main/AndroidManifest.xml:211:13-49
233            android:windowSoftInputMode="stateHidden" />
233-->src/main/AndroidManifest.xml:212:13-54
234        <activity
234-->src/main/AndroidManifest.xml:213:9-216:57
235            android:name="com.khiladiadda.in.profile.update.AadharActivity"
235-->src/main/AndroidManifest.xml:214:13-58
236            android:screenOrientation="portrait"
236-->src/main/AndroidManifest.xml:215:13-49
237            android:windowSoftInputMode="stateHidden" />
237-->src/main/AndroidManifest.xml:216:13-54
238        <activity
238-->src/main/AndroidManifest.xml:217:9-220:57
239            android:name="com.khiladiadda.in.headtohead.createbattle.CreateTeamActivity"
239-->src/main/AndroidManifest.xml:218:13-71
240            android:screenOrientation="portrait"
240-->src/main/AndroidManifest.xml:219:13-49
241            android:windowSoftInputMode="stateHidden" />
241-->src/main/AndroidManifest.xml:220:13-54
242        <activity
242-->src/main/AndroidManifest.xml:221:9-225:57
243            android:name="com.khiladiadda.in.headtohead.HTHBattlesActivity"
243-->src/main/AndroidManifest.xml:222:13-58
244            android:launchMode="singleTask"
244-->src/main/AndroidManifest.xml:223:13-44
245            android:screenOrientation="portrait"
245-->src/main/AndroidManifest.xml:224:13-49
246            android:windowSoftInputMode="stateHidden" />
246-->src/main/AndroidManifest.xml:225:13-54
247        <activity
247-->src/main/AndroidManifest.xml:226:9-230:57
248            android:name="com.khiladiadda.in.headtohead.AllMatchesHTHActivity"
248-->src/main/AndroidManifest.xml:227:13-61
249            android:launchMode="singleTask"
249-->src/main/AndroidManifest.xml:228:13-44
250            android:screenOrientation="portrait"
250-->src/main/AndroidManifest.xml:229:13-49
251            android:windowSoftInputMode="stateHidden" />
251-->src/main/AndroidManifest.xml:230:13-54
252        <activity
252-->src/main/AndroidManifest.xml:231:9-233:40
253            android:name="com.khiladiadda.in.headtohead.PlayerStatus"
253-->src/main/AndroidManifest.xml:232:13-52
254            android:exported="false" />
254-->src/main/AndroidManifest.xml:233:13-37
255        <activity
255-->src/main/AndroidManifest.xml:234:9-237:52
256            android:name="com.khiladiadda.in.headtohead.BattlesUpcomingActivity"
256-->src/main/AndroidManifest.xml:235:13-63
257            android:exported="false"
257-->src/main/AndroidManifest.xml:236:13-37
258            android:screenOrientation="portrait" />
258-->src/main/AndroidManifest.xml:237:13-49
259        <activity
259-->src/main/AndroidManifest.xml:238:9-242:52
260            android:name="com.khiladiadda.in.headtohead.BattlesScoreActivity"
260-->src/main/AndroidManifest.xml:239:13-60
261            android:exported="false"
261-->src/main/AndroidManifest.xml:240:13-37
262            android:launchMode="singleTask"
262-->src/main/AndroidManifest.xml:241:13-44
263            android:screenOrientation="portrait" />
263-->src/main/AndroidManifest.xml:242:13-49
264        <activity
264-->src/main/AndroidManifest.xml:243:9-247:52
265            android:name="com.khiladiadda.in.headtohead.SelectedPlayers"
265-->src/main/AndroidManifest.xml:244:13-55
266            android:exported="false"
266-->src/main/AndroidManifest.xml:245:13-37
267            android:launchMode="singleTask"
267-->src/main/AndroidManifest.xml:246:13-44
268            android:screenOrientation="portrait" />
268-->src/main/AndroidManifest.xml:247:13-49
269        <activity
269-->src/main/AndroidManifest.xml:248:9-252:52
270            android:name="com.khiladiadda.in.headtohead.MyFanLeagueActivityHTH"
270-->src/main/AndroidManifest.xml:249:13-62
271            android:exported="false"
271-->src/main/AndroidManifest.xml:250:13-37
272            android:launchMode="singleTask"
272-->src/main/AndroidManifest.xml:251:13-44
273            android:screenOrientation="portrait" />
273-->src/main/AndroidManifest.xml:252:13-49
274        <activity
274-->src/main/AndroidManifest.xml:253:9-256:15
275            android:name="com.khiladiadda.in.participant.ParticipantActivity"
275-->src/main/AndroidManifest.xml:253:19-66
276            android:exported="false"
276-->src/main/AndroidManifest.xml:254:13-37
277            android:screenOrientation="portrait" />
277-->src/main/AndroidManifest.xml:255:13-49
278        <activity
278-->src/main/AndroidManifest.xml:257:9-268:20
279            android:name="com.facebook.CustomTabActivity"
279-->src/main/AndroidManifest.xml:258:13-58
280            android:exported="true" >
280-->src/main/AndroidManifest.xml:259:13-36
281            <intent-filter>
281-->src/main/AndroidManifest.xml:260:13-267:29
282                <action android:name="android.intent.action.VIEW" />
282-->src/main/AndroidManifest.xml:50:17-69
282-->src/main/AndroidManifest.xml:50:25-66
283
284                <category android:name="android.intent.category.DEFAULT" />
284-->src/main/AndroidManifest.xml:263:17-76
284-->src/main/AndroidManifest.xml:263:27-73
285                <category android:name="android.intent.category.BROWSABLE" />
285-->src/main/AndroidManifest.xml:264:17-78
285-->src/main/AndroidManifest.xml:264:27-75
286
287                <data android:scheme="@string/fb_login_protocol_scheme" />
287-->src/main/AndroidManifest.xml:266:17-75
287-->src/main/AndroidManifest.xml:266:23-72
288            </intent-filter>
289            <intent-filter>
289-->[com.facebook.android:facebook-common:8.2.0] AndroidManifest.xml:39:13-48:29
290                <action android:name="android.intent.action.VIEW" />
290-->src/main/AndroidManifest.xml:50:17-69
290-->src/main/AndroidManifest.xml:50:25-66
291
292                <category android:name="android.intent.category.DEFAULT" />
292-->src/main/AndroidManifest.xml:263:17-76
292-->src/main/AndroidManifest.xml:263:27-73
293                <category android:name="android.intent.category.BROWSABLE" />
293-->src/main/AndroidManifest.xml:264:17-78
293-->src/main/AndroidManifest.xml:264:27-75
294
295                <data
295-->src/main/AndroidManifest.xml:266:17-75
296                    android:host="cct.com.khiladiadda.in"
297                    android:scheme="fbconnect" />
297-->src/main/AndroidManifest.xml:266:23-72
298            </intent-filter>
299        </activity>
300
301        <meta-data
301-->src/main/AndroidManifest.xml:269:9-271:55
302            android:name="com.facebook.sdk.ApplicationId"
302-->src/main/AndroidManifest.xml:270:13-58
303            android:value="@string/facebook_app_id" />